CRITICAL - 2022-08-23 10:23:44 --> require_once(vendor/autoload.php): Failed to open stream: No such file or directory
in APPPATH\Controllers\Home.php on line 5.
 1 APPPATH\Controllers\Home.php(5): CodeIgniter\Debug\Exceptions->errorHandler(2, 'require_once(vendor/autoload.php): Failed to open stream: No such file or directory', 'APPPATH\\Controllers\\Home.php', 5)
 2 APPPATH\Controllers\Home.php(5): require_once()
 3 SYSTEMPATH\Autoloader\Autoloader.php(282): include_once('APPPATH\\Controllers\\Home.php')
 4 SYSTEMPATH\Autoloader\Autoloader.php(259): CodeIgniter\Autoloader\Autoloader->includeFile('APPPATH\\Controllers\\Home.php')
 5 SYSTEMPATH\Autoloader\Autoloader.php(237): CodeIgniter\Autoloader\Autoloader->loadInNamespace('App\\Controllers\\Home')
 6 [internal function]: CodeIgniter\Autoloader\Autoloader->loadClass('App\\Controllers\\Home')
 7 SYSTEMPATH\CodeIgniter.php(854): class_exists('\\App\\Controllers\\Home', true)
 8 SYSTEMPATH\CodeIgniter.php(444): CodeIgniter\CodeIgniter->startController()
 9 SYSTEMPATH\CodeIgniter.php(340): CodeIgniter\CodeIgniter->handleRequest(null, Object(Config\Cache), false)
10 FCPATH\index.php(67): CodeIgniter\CodeIgniter->run()
11 SYSTEMPATH\Commands\Server\rewrite.php(43): require_once('FCPATH\\index.php')
CRITICAL - 2022-08-23 10:36:47 --> Class name must be a valid object or a string
in APPPATH\Controllers\Home.php on line 12.
 1 SYSTEMPATH\CodeIgniter.php(904): App\Controllers\Home->index()
 2 SYSTEMPATH\CodeIgniter.php(457): CodeIgniter\CodeIgniter->runController(Object(App\Controllers\Home))
 3 SYSTEMPATH\CodeIgniter.php(340): CodeIgniter\CodeIgniter->handleRequest(null, Object(Config\Cache), false)
 4 FCPATH\index.php(67): CodeIgniter\CodeIgniter->run()
 5 SYSTEMPATH\Commands\Server\rewrite.php(43): require_once('FCPATH\\index.php')
CRITICAL - 2022-08-23 10:37:23 --> Class name must be a valid object or a string
in APPPATH\Controllers\Home.php on line 13.
 1 SYSTEMPATH\CodeIgniter.php(904): App\Controllers\Home->index()
 2 SYSTEMPATH\CodeIgniter.php(457): CodeIgniter\CodeIgniter->runController(Object(App\Controllers\Home))
 3 SYSTEMPATH\CodeIgniter.php(340): CodeIgniter\CodeIgniter->handleRequest(null, Object(Config\Cache), false)
 4 FCPATH\index.php(67): CodeIgniter\CodeIgniter->run()
 5 SYSTEMPATH\Commands\Server\rewrite.php(43): require_once('FCPATH\\index.php')
CRITICAL - 2022-08-23 10:38:28 --> Non-static method CodeIgniter\I18n\Time::toDateTime() cannot be called statically
in APPPATH\Controllers\Home.php on line 13.
 1 SYSTEMPATH\CodeIgniter.php(904): App\Controllers\Home->index()
 2 SYSTEMPATH\CodeIgniter.php(457): CodeIgniter\CodeIgniter->runController(Object(App\Controllers\Home))
 3 SYSTEMPATH\CodeIgniter.php(340): CodeIgniter\CodeIgniter->handleRequest(null, Object(Config\Cache), false)
 4 FCPATH\index.php(67): CodeIgniter\CodeIgniter->run()
 5 SYSTEMPATH\Commands\Server\rewrite.php(43): require_once('FCPATH\\index.php')
CRITICAL - 2022-08-23 10:41:04 --> CodeIgniter\I18n\Time::createFromInstance(): Argument #1 ($dateTime) must be of type DateTimeInterface, int given, called in C:\xampp\htdocs\learnCi4\app\Controllers\Home.php on line 13
in SYSTEMPATH\I18n\Time.php on line 272.
 1 APPPATH\Controllers\Home.php(13): CodeIgniter\I18n\Time::createFromInstance(985421691)
 2 SYSTEMPATH\CodeIgniter.php(904): App\Controllers\Home->index()
 3 SYSTEMPATH\CodeIgniter.php(457): CodeIgniter\CodeIgniter->runController(Object(App\Controllers\Home))
 4 SYSTEMPATH\CodeIgniter.php(340): CodeIgniter\CodeIgniter->handleRequest(null, Object(Config\Cache), false)
 5 FCPATH\index.php(67): CodeIgniter\CodeIgniter->run()
 6 SYSTEMPATH\Commands\Server\rewrite.php(43): require_once('FCPATH\\index.php')
CRITICAL - 2022-08-23 10:41:27 --> CodeIgniter\I18n\Time::createFromInstance(): Argument #1 ($dateTime) must be of type DateTimeInterface, int given, called in C:\xampp\htdocs\learnCi4\app\Controllers\Home.php on line 13
in SYSTEMPATH\I18n\Time.php on line 272.
 1 APPPATH\Controllers\Home.php(13): CodeIgniter\I18n\Time::createFromInstance(72361371, 'en_US')
 2 SYSTEMPATH\CodeIgniter.php(904): App\Controllers\Home->index()
 3 SYSTEMPATH\CodeIgniter.php(457): CodeIgniter\CodeIgniter->runController(Object(App\Controllers\Home))
 4 SYSTEMPATH\CodeIgniter.php(340): CodeIgniter\CodeIgniter->handleRequest(null, Object(Config\Cache), false)
 5 FCPATH\index.php(67): CodeIgniter\CodeIgniter->run()
 6 SYSTEMPATH\Commands\Server\rewrite.php(43): require_once('FCPATH\\index.php')
CRITICAL - 2022-08-23 10:41:28 --> CodeIgniter\I18n\Time::createFromInstance(): Argument #1 ($dateTime) must be of type DateTimeInterface, int given, called in C:\xampp\htdocs\learnCi4\app\Controllers\Home.php on line 13
in SYSTEMPATH\I18n\Time.php on line 272.
 1 APPPATH\Controllers\Home.php(13): CodeIgniter\I18n\Time::createFromInstance(1084742128, 'en_US')
 2 SYSTEMPATH\CodeIgniter.php(904): App\Controllers\Home->index()
 3 SYSTEMPATH\CodeIgniter.php(457): CodeIgniter\CodeIgniter->runController(Object(App\Controllers\Home))
 4 SYSTEMPATH\CodeIgniter.php(340): CodeIgniter\CodeIgniter->handleRequest(null, Object(Config\Cache), false)
 5 FCPATH\index.php(67): CodeIgniter\CodeIgniter->run()
 6 SYSTEMPATH\Commands\Server\rewrite.php(43): require_once('FCPATH\\index.php')
CRITICAL - 2022-08-23 21:54:26 --> Undefined property: App\Controllers\People::$listPeople
in APPPATH\Controllers\People.php on line 23.
 1 APPPATH\Controllers\People.php(23): CodeIgniter\Debug\Exceptions->errorHandler(2, 'Undefined property: App\\Controllers\\People::$listPeople', 'APPPATH\\Controllers\\People.php', 23)
 2 SYSTEMPATH\CodeIgniter.php(904): App\Controllers\People->index()
 3 SYSTEMPATH\CodeIgniter.php(457): CodeIgniter\CodeIgniter->runController(Object(App\Controllers\People))
 4 SYSTEMPATH\CodeIgniter.php(340): CodeIgniter\CodeIgniter->handleRequest(null, Object(Config\Cache), false)
 5 FCPATH\index.php(67): CodeIgniter\CodeIgniter->run()
 6 SYSTEMPATH\Commands\Server\rewrite.php(43): require_once('FCPATH\\index.php')
CRITICAL - 2022-08-23 21:55:03 --> Undefined property: App\Controllers\People::$listPeople
in APPPATH\Controllers\People.php on line 23.
 1 APPPATH\Controllers\People.php(23): CodeIgniter\Debug\Exceptions->errorHandler(2, 'Undefined property: App\\Controllers\\People::$listPeople', 'APPPATH\\Controllers\\People.php', 23)
 2 SYSTEMPATH\CodeIgniter.php(904): App\Controllers\People->index()
 3 SYSTEMPATH\CodeIgniter.php(457): CodeIgniter\CodeIgniter->runController(Object(App\Controllers\People))
 4 SYSTEMPATH\CodeIgniter.php(340): CodeIgniter\CodeIgniter->handleRequest(null, Object(Config\Cache), false)
 5 FCPATH\index.php(67): CodeIgniter\CodeIgniter->run()
 6 SYSTEMPATH\Commands\Server\rewrite.php(43): require_once('FCPATH\\index.php')
CRITICAL - 2022-08-23 21:56:49 --> Undefined variable $list_people
in APPPATH\Views\people\index.php on line 18.
 1 APPPATH\Views\people\index.php(18): CodeIgniter\Debug\Exceptions->errorHandler(2, 'Undefined variable $list_people', 'APPPATH\\Views\\people\\index.php', 18)
 2 SYSTEMPATH\View\View.php(213): include('APPPATH\\Views\\people\\index.php')
 3 SYSTEMPATH\View\View.php(216): CodeIgniter\View\View->CodeIgniter\View\{closure}()
 4 SYSTEMPATH\Common.php(1137): CodeIgniter\View\View->render('people/index', [], true)
 5 APPPATH\Controllers\People.php(27): view('people/index', [...])
 6 SYSTEMPATH\CodeIgniter.php(904): App\Controllers\People->index()
 7 SYSTEMPATH\CodeIgniter.php(457): CodeIgniter\CodeIgniter->runController(Object(App\Controllers\People))
 8 SYSTEMPATH\CodeIgniter.php(340): CodeIgniter\CodeIgniter->handleRequest(null, Object(Config\Cache), false)
 9 FCPATH\index.php(67): CodeIgniter\CodeIgniter->run()
10 SYSTEMPATH\Commands\Server\rewrite.php(43): require_once('FCPATH\\index.php')
CRITICAL - 2022-08-23 22:08:44 --> Unsupported operand types: array * int
in APPPATH\Views\people\index.php on line 1.
 1 SYSTEMPATH\View\View.php(213): include()
 2 SYSTEMPATH\View\View.php(216): CodeIgniter\View\View->CodeIgniter\View\{closure}()
 3 SYSTEMPATH\Common.php(1137): CodeIgniter\View\View->render('people/index', [], true)
 4 APPPATH\Controllers\People.php(31): view('people/index', [...])
 5 SYSTEMPATH\CodeIgniter.php(904): App\Controllers\People->index()
 6 SYSTEMPATH\CodeIgniter.php(457): CodeIgniter\CodeIgniter->runController(Object(App\Controllers\People))
 7 SYSTEMPATH\CodeIgniter.php(340): CodeIgniter\CodeIgniter->handleRequest(null, Object(Config\Cache), false)
 8 FCPATH\index.php(67): CodeIgniter\CodeIgniter->run()
 9 SYSTEMPATH\Commands\Server\rewrite.php(43): require_once('FCPATH\\index.php')
CRITICAL - 2022-08-23 22:09:00 --> Unsupported operand types: array * int
in APPPATH\Views\people\index.php on line 1.
 1 SYSTEMPATH\View\View.php(213): include()
 2 SYSTEMPATH\View\View.php(216): CodeIgniter\View\View->CodeIgniter\View\{closure}()
 3 SYSTEMPATH\Common.php(1137): CodeIgniter\View\View->render('people/index', [], true)
 4 APPPATH\Controllers\People.php(31): view('people/index', [...])
 5 SYSTEMPATH\CodeIgniter.php(904): App\Controllers\People->index()
 6 SYSTEMPATH\CodeIgniter.php(457): CodeIgniter\CodeIgniter->runController(Object(App\Controllers\People))
 7 SYSTEMPATH\CodeIgniter.php(340): CodeIgniter\CodeIgniter->handleRequest(null, Object(Config\Cache), false)
 8 FCPATH\index.php(67): CodeIgniter\CodeIgniter->run()
 9 SYSTEMPATH\Commands\Server\rewrite.php(43): require_once('FCPATH\\index.php')
CRITICAL - 2022-08-23 22:11:10 --> Unsupported operand types: array * int
in APPPATH\Views\people\index.php on line 5.
 1 SYSTEMPATH\View\View.php(213): include()
 2 SYSTEMPATH\View\View.php(216): CodeIgniter\View\View->CodeIgniter\View\{closure}()
 3 SYSTEMPATH\Common.php(1137): CodeIgniter\View\View->render('people/index', [], true)
 4 APPPATH\Controllers\People.php(31): view('people/index', [...])
 5 SYSTEMPATH\CodeIgniter.php(904): App\Controllers\People->index()
 6 SYSTEMPATH\CodeIgniter.php(457): CodeIgniter\CodeIgniter->runController(Object(App\Controllers\People))
 7 SYSTEMPATH\CodeIgniter.php(340): CodeIgniter\CodeIgniter->handleRequest(null, Object(Config\Cache), false)
 8 FCPATH\index.php(67): CodeIgniter\CodeIgniter->run()
 9 SYSTEMPATH\Commands\Server\rewrite.php(43): require_once('FCPATH\\index.php')
CRITICAL - 2022-08-23 22:21:56 --> Undefined variable $i
in APPPATH\Views\people\index.php on line 20.
 1 APPPATH\Views\people\index.php(20): CodeIgniter\Debug\Exceptions->errorHandler(2, 'Undefined variable $i', 'APPPATH\\Views\\people\\index.php', 20)
 2 SYSTEMPATH\View\View.php(213): include('APPPATH\\Views\\people\\index.php')
 3 SYSTEMPATH\View\View.php(216): CodeIgniter\View\View->CodeIgniter\View\{closure}()
 4 SYSTEMPATH\Common.php(1137): CodeIgniter\View\View->render('people/index', [], true)
 5 APPPATH\Controllers\People.php(34): view('people/index', [...])
 6 SYSTEMPATH\CodeIgniter.php(904): App\Controllers\People->index()
 7 SYSTEMPATH\CodeIgniter.php(457): CodeIgniter\CodeIgniter->runController(Object(App\Controllers\People))
 8 SYSTEMPATH\CodeIgniter.php(340): CodeIgniter\CodeIgniter->handleRequest(null, Object(Config\Cache), false)
 9 FCPATH\index.php(67): CodeIgniter\CodeIgniter->run()
10 SYSTEMPATH\Commands\Server\rewrite.php(43): require_once('FCPATH\\index.php')
CRITICAL - 2022-08-23 22:35:13 --> Undefined variable $pager_links
in APPPATH\Views\people\index.php on line 28.
 1 APPPATH\Views\people\index.php(28): CodeIgniter\Debug\Exceptions->errorHandler(2, 'Undefined variable $pager_links', 'APPPATH\\Views\\people\\index.php', 28)
 2 SYSTEMPATH\View\View.php(213): include('APPPATH\\Views\\people\\index.php')
 3 SYSTEMPATH\View\View.php(216): CodeIgniter\View\View->CodeIgniter\View\{closure}()
 4 SYSTEMPATH\Common.php(1137): CodeIgniter\View\View->render('people/index', [], true)
 5 APPPATH\Controllers\People.php(33): view('people/index', [...])
 6 SYSTEMPATH\CodeIgniter.php(904): App\Controllers\People->index()
 7 SYSTEMPATH\CodeIgniter.php(457): CodeIgniter\CodeIgniter->runController(Object(App\Controllers\People))
 8 SYSTEMPATH\CodeIgniter.php(340): CodeIgniter\CodeIgniter->handleRequest(null, Object(Config\Cache), false)
 9 FCPATH\index.php(67): CodeIgniter\CodeIgniter->run()
10 SYSTEMPATH\Commands\Server\rewrite.php(43): require_once('FCPATH\\index.php')
CRITICAL - 2022-08-23 22:40:01 --> Undefined variable $pager_links
in APPPATH\Views\people\index.php on line 28.
 1 APPPATH\Views\people\index.php(28): CodeIgniter\Debug\Exceptions->errorHandler(2, 'Undefined variable $pager_links', 'APPPATH\\Views\\people\\index.php', 28)
 2 SYSTEMPATH\View\View.php(213): include('APPPATH\\Views\\people\\index.php')
 3 SYSTEMPATH\View\View.php(216): CodeIgniter\View\View->CodeIgniter\View\{closure}()
 4 SYSTEMPATH\Common.php(1137): CodeIgniter\View\View->render('people/index', [], true)
 5 APPPATH\Controllers\People.php(33): view('people/index', [...])
 6 SYSTEMPATH\CodeIgniter.php(904): App\Controllers\People->index()
 7 SYSTEMPATH\CodeIgniter.php(457): CodeIgniter\CodeIgniter->runController(Object(App\Controllers\People))
 8 SYSTEMPATH\CodeIgniter.php(340): CodeIgniter\CodeIgniter->handleRequest(null, Object(Config\Cache), false)
 9 FCPATH\index.php(67): CodeIgniter\CodeIgniter->run()
10 SYSTEMPATH\Commands\Server\rewrite.php(43): require_once('FCPATH\\index.php')
CRITICAL - 2022-08-23 22:40:30 --> Undefined variable $pager_links
in APPPATH\Views\people\index.php on line 28.
 1 APPPATH\Views\people\index.php(28): CodeIgniter\Debug\Exceptions->errorHandler(2, 'Undefined variable $pager_links', 'APPPATH\\Views\\people\\index.php', 28)
 2 SYSTEMPATH\View\View.php(213): include('APPPATH\\Views\\people\\index.php')
 3 SYSTEMPATH\View\View.php(216): CodeIgniter\View\View->CodeIgniter\View\{closure}()
 4 SYSTEMPATH\Common.php(1137): CodeIgniter\View\View->render('people/index', [], true)
 5 APPPATH\Controllers\People.php(33): view('people/index', [...])
 6 SYSTEMPATH\CodeIgniter.php(904): App\Controllers\People->index()
 7 SYSTEMPATH\CodeIgniter.php(457): CodeIgniter\CodeIgniter->runController(Object(App\Controllers\People))
 8 SYSTEMPATH\CodeIgniter.php(340): CodeIgniter\CodeIgniter->handleRequest(null, Object(Config\Cache), false)
 9 FCPATH\index.php(67): CodeIgniter\CodeIgniter->run()
10 SYSTEMPATH\Commands\Server\rewrite.php(43): require_once('FCPATH\\index.php')
CRITICAL - 2022-08-23 22:47:24 --> default_people is not a valid Pager template.
in SYSTEMPATH\Pager\Pager.php on line 120.
 1 SYSTEMPATH\Pager\Pager.php(120): CodeIgniter\Pager\Exceptions\PagerException::forInvalidTemplate('default_people')
 2 SYSTEMPATH\Pager\Pager.php(83): CodeIgniter\Pager\Pager->displayLinks('people', 'default_people')
 3 APPPATH\Views\people\index.php(28): CodeIgniter\Pager\Pager->links('people', 'default_people')
 4 SYSTEMPATH\View\View.php(213): include('APPPATH\\Views\\people\\index.php')
 5 SYSTEMPATH\View\View.php(216): CodeIgniter\View\View->CodeIgniter\View\{closure}()
 6 SYSTEMPATH\Common.php(1137): CodeIgniter\View\View->render('people/index', [], true)
 7 APPPATH\Controllers\People.php(33): view('people/index', [...])
 8 SYSTEMPATH\CodeIgniter.php(904): App\Controllers\People->index()
 9 SYSTEMPATH\CodeIgniter.php(457): CodeIgniter\CodeIgniter->runController(Object(App\Controllers\People))
10 SYSTEMPATH\CodeIgniter.php(340): CodeIgniter\CodeIgniter->handleRequest(null, Object(Config\Cache), false)
11 FCPATH\index.php(67): CodeIgniter\CodeIgniter->run()
12 SYSTEMPATH\Commands\Server\rewrite.php(43): require_once('FCPATH\\index.php')
