CRITICAL - 2022-08-21 00:14:32 --> Undefined property: CodeIgniter\Validation\Validation::$getError
in APPPATH\Views\pages\form_tambah.php on line 5.
 1 APPPATH\Views\pages\form_tambah.php(5): CodeIgniter\Debug\Exceptions->errorHandler(2, 'Undefined property: CodeIgniter\\Validation\\Validation::$getError', 'APPPATH\\Views\\pages\\form_tambah.php', 5)
 2 SYSTEMPATH\View\View.php(213): include('APPPATH\\Views\\pages\\form_tambah.php')
 3 SYSTEMPATH\View\View.php(216): CodeIgniter\View\View->CodeIgniter\View\{closure}()
 4 SYSTEMPATH\Common.php(1137): CodeIgniter\View\View->render('pages/form_tambah', [], true)
 5 APPPATH\Controllers\Pages.php(60): view('pages/form_tambah', [...])
 6 SYSTEMPATH\CodeIgniter.php(904): App\Controllers\Pages->form_tambah()
 7 SYSTEMPATH\CodeIgniter.php(457): CodeIgniter\CodeIgniter->runController(Object(App\Controllers\Pages))
 8 SYSTEMPATH\CodeIgniter.php(340): CodeIgniter\CodeIgniter->handleRequest(null, Object(Config\Cache), false)
 9 FCPATH\index.php(67): CodeIgniter\CodeIgniter->run()
10 SYSTEMPATH\Commands\Server\rewrite.php(43): require_once('FCPATH\\index.php')
CRITICAL - 2022-08-21 10:14:35 --> Undefined array key 0
in APPPATH\Views\pages\detail_buku.php on line 10.
 1 APPPATH\Views\pages\detail_buku.php(10): CodeIgniter\Debug\Exceptions->errorHandler(2, 'Undefined array key 0', 'APPPATH\\Views\\pages\\detail_buku.php', 10)
 2 SYSTEMPATH\View\View.php(213): include('APPPATH\\Views\\pages\\detail_buku.php')
 3 SYSTEMPATH\View\View.php(216): CodeIgniter\View\View->CodeIgniter\View\{closure}()
 4 SYSTEMPATH\Common.php(1137): CodeIgniter\View\View->render('pages/detail_buku', [], true)
 5 APPPATH\Controllers\Pages.php(50): view('pages/detail_buku', [...])
 6 SYSTEMPATH\CodeIgniter.php(904): App\Controllers\Pages->detail_buku('resolusi_jepang')
 7 SYSTEMPATH\CodeIgniter.php(457): CodeIgniter\CodeIgniter->runController(Object(App\Controllers\Pages))
 8 SYSTEMPATH\CodeIgniter.php(340): CodeIgniter\CodeIgniter->handleRequest(null, Object(Config\Cache), false)
 9 FCPATH\index.php(67): CodeIgniter\CodeIgniter->run()
10 SYSTEMPATH\Commands\Server\rewrite.php(43): require_once('FCPATH\\index.php')
CRITICAL - 2022-08-21 10:37:19 --> syntax error, unexpected identifier "session", expecting "function" or "const"
in APPPATH\Controllers\BaseController.php on line 53.
 1 SYSTEMPATH\Autoloader\Autoloader.php(259): CodeIgniter\Autoloader\Autoloader->includeFile('APPPATH\\Controllers\\BaseController.php')
 2 SYSTEMPATH\Autoloader\Autoloader.php(237): CodeIgniter\Autoloader\Autoloader->loadInNamespace('App\\Controllers\\BaseController')
 3 APPPATH\Controllers\Pages.php(7): CodeIgniter\Autoloader\Autoloader->loadClass('App\\Controllers\\BaseController')
 4 SYSTEMPATH\Router\AutoRouter.php(147): include_once('APPPATH\\Controllers\\Pages.php')
 5 SYSTEMPATH\Router\Router.php(499): CodeIgniter\Router\AutoRouter->getRoute('pages/list_buku')
 6 SYSTEMPATH\Router\Router.php(205): CodeIgniter\Router\Router->autoRoute('pages/list_buku')
 7 SYSTEMPATH\CodeIgniter.php(779): CodeIgniter\Router\Router->handle('pages/list_buku')
 8 SYSTEMPATH\CodeIgniter.php(406): CodeIgniter\CodeIgniter->tryToRouteIt(Object(CodeIgniter\Router\RouteCollection))
 9 SYSTEMPATH\CodeIgniter.php(340): CodeIgniter\CodeIgniter->handleRequest(null, Object(Config\Cache), false)
10 FCPATH\index.php(67): CodeIgniter\CodeIgniter->run()
11 SYSTEMPATH\Commands\Server\rewrite.php(43): require_once('FCPATH\\index.php')
CRITICAL - 2022-08-21 10:46:53 --> Unsupported operand types: string | null
in APPPATH\Views\pages\list_buku.php on line 9.
 1 SYSTEMPATH\View\View.php(213): include()
 2 SYSTEMPATH\View\View.php(216): CodeIgniter\View\View->CodeIgniter\View\{closure}()
 3 SYSTEMPATH\Common.php(1137): CodeIgniter\View\View->render('pages/list_buku', [], true)
 4 APPPATH\Controllers\Pages.php(40): view('pages/list_buku', [...])
 5 SYSTEMPATH\CodeIgniter.php(904): App\Controllers\Pages->list_buku()
 6 SYSTEMPATH\CodeIgniter.php(457): CodeIgniter\CodeIgniter->runController(Object(App\Controllers\Pages))
 7 SYSTEMPATH\CodeIgniter.php(340): CodeIgniter\CodeIgniter->handleRequest(null, Object(Config\Cache), false)
 8 FCPATH\index.php(67): CodeIgniter\CodeIgniter->run()
 9 SYSTEMPATH\Commands\Server\rewrite.php(43): require_once('FCPATH\\index.php')
CRITICAL - 2022-08-21 10:48:40 --> Unsupported operand types: string | null
in APPPATH\Views\pages\list_buku.php on line 9.
 1 SYSTEMPATH\View\View.php(213): include()
 2 SYSTEMPATH\View\View.php(216): CodeIgniter\View\View->CodeIgniter\View\{closure}()
 3 SYSTEMPATH\Common.php(1137): CodeIgniter\View\View->render('pages/list_buku', [], true)
 4 APPPATH\Controllers\Pages.php(40): view('pages/list_buku', [...])
 5 SYSTEMPATH\CodeIgniter.php(904): App\Controllers\Pages->list_buku()
 6 SYSTEMPATH\CodeIgniter.php(457): CodeIgniter\CodeIgniter->runController(Object(App\Controllers\Pages))
 7 SYSTEMPATH\CodeIgniter.php(340): CodeIgniter\CodeIgniter->handleRequest(null, Object(Config\Cache), false)
 8 FCPATH\index.php(67): CodeIgniter\CodeIgniter->run()
 9 SYSTEMPATH\Commands\Server\rewrite.php(43): require_once('FCPATH\\index.php')
CRITICAL - 2022-08-21 11:00:31 --> Undefined variable $validation
in APPPATH\Views\pages\form_edit.php on line 11.
 1 APPPATH\Views\pages\form_edit.php(11): CodeIgniter\Debug\Exceptions->errorHandler(2, 'Undefined variable $validation', 'APPPATH\\Views\\pages\\form_edit.php', 11)
 2 SYSTEMPATH\View\View.php(213): include('APPPATH\\Views\\pages\\form_edit.php')
 3 SYSTEMPATH\View\View.php(216): CodeIgniter\View\View->CodeIgniter\View\{closure}()
 4 SYSTEMPATH\Common.php(1137): CodeIgniter\View\View->render('pages/form_edit', [], true)
 5 APPPATH\Controllers\Pages.php(111): view('pages/form_edit', [...])
 6 SYSTEMPATH\CodeIgniter.php(904): App\Controllers\Pages->edit('test')
 7 SYSTEMPATH\CodeIgniter.php(457): CodeIgniter\CodeIgniter->runController(Object(App\Controllers\Pages))
 8 SYSTEMPATH\CodeIgniter.php(340): CodeIgniter\CodeIgniter->handleRequest(null, Object(Config\Cache), false)
 9 FCPATH\index.php(67): CodeIgniter\CodeIgniter->run()
10 SYSTEMPATH\Commands\Server\rewrite.php(43): require_once('FCPATH\\index.php')
CRITICAL - 2022-08-21 11:01:07 --> Undefined variable $validation
in APPPATH\Views\pages\form_edit.php on line 11.
 1 APPPATH\Views\pages\form_edit.php(11): CodeIgniter\Debug\Exceptions->errorHandler(2, 'Undefined variable $validation', 'APPPATH\\Views\\pages\\form_edit.php', 11)
 2 SYSTEMPATH\View\View.php(213): include('APPPATH\\Views\\pages\\form_edit.php')
 3 SYSTEMPATH\View\View.php(216): CodeIgniter\View\View->CodeIgniter\View\{closure}()
 4 SYSTEMPATH\Common.php(1137): CodeIgniter\View\View->render('pages/form_edit', [], true)
 5 APPPATH\Controllers\Pages.php(111): view('pages/form_edit', [...])
 6 SYSTEMPATH\CodeIgniter.php(904): App\Controllers\Pages->edit('test')
 7 SYSTEMPATH\CodeIgniter.php(457): CodeIgniter\CodeIgniter->runController(Object(App\Controllers\Pages))
 8 SYSTEMPATH\CodeIgniter.php(340): CodeIgniter\CodeIgniter->handleRequest(null, Object(Config\Cache), false)
 9 FCPATH\index.php(67): CodeIgniter\CodeIgniter->run()
10 SYSTEMPATH\Commands\Server\rewrite.php(43): require_once('FCPATH\\index.php')
CRITICAL - 2022-08-21 11:53:50 --> Too few arguments to function App\Controllers\Pages::edit(), 0 passed in C:\xampp\htdocs\learnCi4\vendor\codeigniter4\framework\system\CodeIgniter.php on line 904 and exactly 1 expected
in APPPATH\Controllers\Pages.php on line 104.
 1 SYSTEMPATH\CodeIgniter.php(904): App\Controllers\Pages->edit()
 2 SYSTEMPATH\CodeIgniter.php(457): CodeIgniter\CodeIgniter->runController(Object(App\Controllers\Pages))
 3 SYSTEMPATH\CodeIgniter.php(340): CodeIgniter\CodeIgniter->handleRequest(null, Object(Config\Cache), false)
 4 FCPATH\index.php(67): CodeIgniter\CodeIgniter->run()
 5 SYSTEMPATH\Commands\Server\rewrite.php(43): require_once('FCPATH\\index.php')
CRITICAL - 2022-08-21 11:57:25 --> CodeIgniter\HTTP\RedirectResponse::to(): Argument #2 ($code) must be of type ?int, string given, called in C:\xampp\htdocs\learnCi4\app\Controllers\Pages.php on line 140
in SYSTEMPATH\HTTP\RedirectResponse.php on line 32.
 1 APPPATH\Controllers\Pages.php(140): CodeIgniter\HTTP\RedirectResponse->to('pages/edit', 'test')
 2 SYSTEMPATH\CodeIgniter.php(904): App\Controllers\Pages->update()
 3 SYSTEMPATH\CodeIgniter.php(457): CodeIgniter\CodeIgniter->runController(Object(App\Controllers\Pages))
 4 SYSTEMPATH\CodeIgniter.php(340): CodeIgniter\CodeIgniter->handleRequest(null, Object(Config\Cache), false)
 5 FCPATH\index.php(67): CodeIgniter\CodeIgniter->run()
 6 SYSTEMPATH\Commands\Server\rewrite.php(43): require_once('FCPATH\\index.php')
CRITICAL - 2022-08-21 11:58:30 --> CodeIgniter\HTTP\RedirectResponse::to(): Argument #2 ($code) must be of type ?int, string given, called in C:\xampp\htdocs\learnCi4\app\Controllers\Pages.php on line 140
in SYSTEMPATH\HTTP\RedirectResponse.php on line 32.
 1 APPPATH\Controllers\Pages.php(140): CodeIgniter\HTTP\RedirectResponse->to('pages/edit', 'ROOTPATH\\public')
 2 SYSTEMPATH\CodeIgniter.php(904): App\Controllers\Pages->update()
 3 SYSTEMPATH\CodeIgniter.php(457): CodeIgniter\CodeIgniter->runController(Object(App\Controllers\Pages))
 4 SYSTEMPATH\CodeIgniter.php(340): CodeIgniter\CodeIgniter->handleRequest(null, Object(Config\Cache), false)
 5 FCPATH\index.php(67): CodeIgniter\CodeIgniter->run()
 6 SYSTEMPATH\Commands\Server\rewrite.php(43): require_once('FCPATH\\index.php')
CRITICAL - 2022-08-21 11:59:37 --> Undefined array key 0
in APPPATH\Views\pages\form_edit.php on line 8.
 1 APPPATH\Views\pages\form_edit.php(8): CodeIgniter\Debug\Exceptions->errorHandler(2, 'Undefined array key 0', 'APPPATH\\Views\\pages\\form_edit.php', 8)
 2 SYSTEMPATH\View\View.php(213): include('APPPATH\\Views\\pages\\form_edit.php')
 3 SYSTEMPATH\View\View.php(216): CodeIgniter\View\View->CodeIgniter\View\{closure}()
 4 SYSTEMPATH\Common.php(1137): CodeIgniter\View\View->render('pages/form_edit', [], true)
 5 APPPATH\Controllers\Pages.php(113): view('pages/form_edit', [...])
 6 SYSTEMPATH\CodeIgniter.php(904): App\Controllers\Pages->edit()
 7 SYSTEMPATH\CodeIgniter.php(457): CodeIgniter\CodeIgniter->runController(Object(App\Controllers\Pages))
 8 SYSTEMPATH\CodeIgniter.php(340): CodeIgniter\CodeIgniter->handleRequest(null, Object(Config\Cache), false)
 9 FCPATH\index.php(67): CodeIgniter\CodeIgniter->run()
10 SYSTEMPATH\Commands\Server\rewrite.php(43): require_once('FCPATH\\index.php')
CRITICAL - 2022-08-21 12:00:50 --> Undefined array key 0
in APPPATH\Views\pages\form_edit.php on line 8.
 1 APPPATH\Views\pages\form_edit.php(8): CodeIgniter\Debug\Exceptions->errorHandler(2, 'Undefined array key 0', 'APPPATH\\Views\\pages\\form_edit.php', 8)
 2 SYSTEMPATH\View\View.php(213): include('APPPATH\\Views\\pages\\form_edit.php')
 3 SYSTEMPATH\View\View.php(216): CodeIgniter\View\View->CodeIgniter\View\{closure}()
 4 SYSTEMPATH\Common.php(1137): CodeIgniter\View\View->render('pages/form_edit', [], true)
 5 APPPATH\Controllers\Pages.php(113): view('pages/form_edit', [...])
 6 SYSTEMPATH\CodeIgniter.php(904): App\Controllers\Pages->edit('$slug')
 7 SYSTEMPATH\CodeIgniter.php(457): CodeIgniter\CodeIgniter->runController(Object(App\Controllers\Pages))
 8 SYSTEMPATH\CodeIgniter.php(340): CodeIgniter\CodeIgniter->handleRequest(null, Object(Config\Cache), false)
 9 FCPATH\index.php(67): CodeIgniter\CodeIgniter->run()
10 SYSTEMPATH\Commands\Server\rewrite.php(43): require_once('FCPATH\\index.php')
CRITICAL - 2022-08-21 12:03:42 --> Too few arguments to function App\Controllers\Pages::edit(), 0 passed in C:\xampp\htdocs\learnCi4\vendor\codeigniter4\framework\system\CodeIgniter.php on line 904 and exactly 1 expected
in APPPATH\Controllers\Pages.php on line 104.
 1 SYSTEMPATH\CodeIgniter.php(904): App\Controllers\Pages->edit()
 2 SYSTEMPATH\CodeIgniter.php(457): CodeIgniter\CodeIgniter->runController(Object(App\Controllers\Pages))
 3 SYSTEMPATH\CodeIgniter.php(340): CodeIgniter\CodeIgniter->handleRequest(null, Object(Config\Cache), false)
 4 FCPATH\index.php(67): CodeIgniter\CodeIgniter->run()
 5 SYSTEMPATH\Commands\Server\rewrite.php(43): require_once('FCPATH\\index.php')
CRITICAL - 2022-08-21 12:05:12 --> Too few arguments to function App\Controllers\Pages::edit(), 0 passed in C:\xampp\htdocs\learnCi4\vendor\codeigniter4\framework\system\CodeIgniter.php on line 904 and exactly 1 expected
in APPPATH\Controllers\Pages.php on line 104.
 1 SYSTEMPATH\CodeIgniter.php(904): App\Controllers\Pages->edit()
 2 SYSTEMPATH\CodeIgniter.php(457): CodeIgniter\CodeIgniter->runController(Object(App\Controllers\Pages))
 3 SYSTEMPATH\CodeIgniter.php(340): CodeIgniter\CodeIgniter->handleRequest(null, Object(Config\Cache), false)
 4 FCPATH\index.php(67): CodeIgniter\CodeIgniter->run()
 5 SYSTEMPATH\Commands\Server\rewrite.php(43): require_once('FCPATH\\index.php')
CRITICAL - 2022-08-21 12:11:32 --> Uninitialized string offset 0
in APPPATH\Views\pages\form_edit.php on line 8.
 1 APPPATH\Views\pages\form_edit.php(8): CodeIgniter\Debug\Exceptions->errorHandler(2, 'Uninitialized string offset 0', 'APPPATH\\Views\\pages\\form_edit.php', 8)
 2 SYSTEMPATH\View\View.php(213): include('APPPATH\\Views\\pages\\form_edit.php')
 3 SYSTEMPATH\View\View.php(216): CodeIgniter\View\View->CodeIgniter\View\{closure}()
 4 SYSTEMPATH\Common.php(1137): CodeIgniter\View\View->render('pages/form_edit', [], true)
 5 APPPATH\Controllers\Pages.php(117): view('pages/form_edit', [...])
 6 SYSTEMPATH\CodeIgniter.php(904): App\Controllers\Pages->edit()
 7 SYSTEMPATH\CodeIgniter.php(457): CodeIgniter\CodeIgniter->runController(Object(App\Controllers\Pages))
 8 SYSTEMPATH\CodeIgniter.php(340): CodeIgniter\CodeIgniter->handleRequest(null, Object(Config\Cache), false)
 9 FCPATH\index.php(67): CodeIgniter\CodeIgniter->run()
10 SYSTEMPATH\Commands\Server\rewrite.php(43): require_once('FCPATH\\index.php')
CRITICAL - 2022-08-21 12:16:35 --> Uninitialized string offset 0
in APPPATH\Views\pages\form_edit.php on line 9.
 1 APPPATH\Views\pages\form_edit.php(9): CodeIgniter\Debug\Exceptions->errorHandler(2, 'Uninitialized string offset 0', 'APPPATH\\Views\\pages\\form_edit.php', 9)
 2 SYSTEMPATH\View\View.php(213): include('APPPATH\\Views\\pages\\form_edit.php')
 3 SYSTEMPATH\View\View.php(216): CodeIgniter\View\View->CodeIgniter\View\{closure}()
 4 SYSTEMPATH\Common.php(1137): CodeIgniter\View\View->render('pages/form_edit', [], true)
 5 APPPATH\Controllers\Pages.php(117): view('pages/form_edit', [...])
 6 SYSTEMPATH\CodeIgniter.php(904): App\Controllers\Pages->edit()
 7 SYSTEMPATH\CodeIgniter.php(457): CodeIgniter\CodeIgniter->runController(Object(App\Controllers\Pages))
 8 SYSTEMPATH\CodeIgniter.php(340): CodeIgniter\CodeIgniter->handleRequest(null, Object(Config\Cache), false)
 9 FCPATH\index.php(67): CodeIgniter\CodeIgniter->run()
10 SYSTEMPATH\Commands\Server\rewrite.php(43): require_once('FCPATH\\index.php')
CRITICAL - 2022-08-21 12:23:38 --> Undefined variable $validation
in APPPATH\Views\pages\form_edit.php on line 14.
 1 APPPATH\Views\pages\form_edit.php(14): CodeIgniter\Debug\Exceptions->errorHandler(2, 'Undefined variable $validation', 'APPPATH\\Views\\pages\\form_edit.php', 14)
 2 SYSTEMPATH\View\View.php(213): include('APPPATH\\Views\\pages\\form_edit.php')
 3 SYSTEMPATH\View\View.php(216): CodeIgniter\View\View->CodeIgniter\View\{closure}()
 4 SYSTEMPATH\Common.php(1137): CodeIgniter\View\View->render('pages/form_edit', [], true)
 5 APPPATH\Controllers\Pages.php(117): view('pages/form_edit', [...])
 6 SYSTEMPATH\CodeIgniter.php(904): App\Controllers\Pages->edit()
 7 SYSTEMPATH\CodeIgniter.php(457): CodeIgniter\CodeIgniter->runController(Object(App\Controllers\Pages))
 8 SYSTEMPATH\CodeIgniter.php(340): CodeIgniter\CodeIgniter->handleRequest(null, Object(Config\Cache), false)
 9 FCPATH\index.php(67): CodeIgniter\CodeIgniter->run()
10 SYSTEMPATH\Commands\Server\rewrite.php(43): require_once('FCPATH\\index.php')
CRITICAL - 2022-08-21 12:30:24 --> Call to undefined method CodeIgniter\Validation\Validation::old()
in APPPATH\Views\pages\form_edit.php on line 7.
 1 SYSTEMPATH\View\View.php(213): include()
 2 SYSTEMPATH\View\View.php(216): CodeIgniter\View\View->CodeIgniter\View\{closure}()
 3 SYSTEMPATH\Common.php(1137): CodeIgniter\View\View->render('pages/form_edit', [], true)
 4 APPPATH\Controllers\Pages.php(117): view('pages/form_edit', [...])
 5 SYSTEMPATH\CodeIgniter.php(904): App\Controllers\Pages->edit()
 6 SYSTEMPATH\CodeIgniter.php(457): CodeIgniter\CodeIgniter->runController(Object(App\Controllers\Pages))
 7 SYSTEMPATH\CodeIgniter.php(340): CodeIgniter\CodeIgniter->handleRequest(null, Object(Config\Cache), false)
 8 FCPATH\index.php(67): CodeIgniter\CodeIgniter->run()
 9 SYSTEMPATH\Commands\Server\rewrite.php(43): require_once('FCPATH\\index.php')
CRITICAL - 2022-08-21 12:30:34 --> Too few arguments to function old(), 0 passed in C:\xampp\htdocs\learnCi4\app\Views\pages\form_edit.php on line 7 and at least 1 expected
in SYSTEMPATH\Common.php on line 826.
 1 APPPATH\Views\pages\form_edit.php(7): old()
 2 SYSTEMPATH\View\View.php(213): include('APPPATH\\Views\\pages\\form_edit.php')
 3 SYSTEMPATH\View\View.php(216): CodeIgniter\View\View->CodeIgniter\View\{closure}()
 4 SYSTEMPATH\Common.php(1137): CodeIgniter\View\View->render('pages/form_edit', [], true)
 5 APPPATH\Controllers\Pages.php(117): view('pages/form_edit', [...])
 6 SYSTEMPATH\CodeIgniter.php(904): App\Controllers\Pages->edit()
 7 SYSTEMPATH\CodeIgniter.php(457): CodeIgniter\CodeIgniter->runController(Object(App\Controllers\Pages))
 8 SYSTEMPATH\CodeIgniter.php(340): CodeIgniter\CodeIgniter->handleRequest(null, Object(Config\Cache), false)
 9 FCPATH\index.php(67): CodeIgniter\CodeIgniter->run()
10 SYSTEMPATH\Commands\Server\rewrite.php(43): require_once('FCPATH\\index.php')
CRITICAL - 2022-08-21 19:23:35 --> Call to undefined method CodeIgniter\HTTP\RedirectResponse::withValue()
in APPPATH\Controllers\Pages.php on line 146.
 1 SYSTEMPATH\CodeIgniter.php(904): App\Controllers\Pages->update()
 2 SYSTEMPATH\CodeIgniter.php(457): CodeIgniter\CodeIgniter->runController(Object(App\Controllers\Pages))
 3 SYSTEMPATH\CodeIgniter.php(340): CodeIgniter\CodeIgniter->handleRequest(null, Object(Config\Cache), false)
 4 FCPATH\index.php(67): CodeIgniter\CodeIgniter->run()
 5 SYSTEMPATH\Commands\Server\rewrite.php(43): require_once('FCPATH\\index.php')
CRITICAL - 2022-08-21 19:24:08 --> The route for "pages/edit" cannot be found.
in SYSTEMPATH\HTTP\RedirectResponse.php on line 60.
 1 SYSTEMPATH\HTTP\RedirectResponse.php(60): CodeIgniter\HTTP\Exceptions\HTTPException::forInvalidRedirectRoute('pages/edit')
 2 SYSTEMPATH\Common.php(864): CodeIgniter\HTTP\RedirectResponse->route(false)
 3 APPPATH\Controllers\Pages.php(146): redirect('pages/edit', Object(CodeIgniter\Validation\Validation))
 4 SYSTEMPATH\CodeIgniter.php(904): App\Controllers\Pages->update()
 5 SYSTEMPATH\CodeIgniter.php(457): CodeIgniter\CodeIgniter->runController(Object(App\Controllers\Pages))
 6 SYSTEMPATH\CodeIgniter.php(340): CodeIgniter\CodeIgniter->handleRequest(null, Object(Config\Cache), false)
 7 FCPATH\index.php(67): CodeIgniter\CodeIgniter->run()
 8 SYSTEMPATH\Commands\Server\rewrite.php(43): require_once('FCPATH\\index.php')
CRITICAL - 2022-08-21 19:25:27 --> The route for "/pages/edit" cannot be found.
in SYSTEMPATH\HTTP\RedirectResponse.php on line 60.
 1 SYSTEMPATH\HTTP\RedirectResponse.php(60): CodeIgniter\HTTP\Exceptions\HTTPException::forInvalidRedirectRoute('/pages/edit')
 2 SYSTEMPATH\Common.php(864): CodeIgniter\HTTP\RedirectResponse->route(false)
 3 APPPATH\Controllers\Pages.php(146): redirect('/pages/edit', Object(CodeIgniter\Validation\Validation))
 4 SYSTEMPATH\CodeIgniter.php(904): App\Controllers\Pages->update()
 5 SYSTEMPATH\CodeIgniter.php(457): CodeIgniter\CodeIgniter->runController(Object(App\Controllers\Pages))
 6 SYSTEMPATH\CodeIgniter.php(340): CodeIgniter\CodeIgniter->handleRequest(null, Object(Config\Cache), false)
 7 FCPATH\index.php(67): CodeIgniter\CodeIgniter->run()
 8 SYSTEMPATH\Commands\Server\rewrite.php(43): require_once('FCPATH\\index.php')
CRITICAL - 2022-08-21 19:28:10 --> Object of class CodeIgniter\Validation\Validation could not be converted to string
in APPPATH\Controllers\Pages.php on line 146.
 1 SYSTEMPATH\CodeIgniter.php(904): App\Controllers\Pages->update()
 2 SYSTEMPATH\CodeIgniter.php(457): CodeIgniter\CodeIgniter->runController(Object(App\Controllers\Pages))
 3 SYSTEMPATH\CodeIgniter.php(340): CodeIgniter\CodeIgniter->handleRequest(null, Object(Config\Cache), false)
 4 FCPATH\index.php(67): CodeIgniter\CodeIgniter->run()
 5 SYSTEMPATH\Commands\Server\rewrite.php(43): require_once('FCPATH\\index.php')
CRITICAL - 2022-08-21 19:32:40 --> Undefined variable $data_buku
in APPPATH\Views\pages\form_edit.php on line 8.
 1 APPPATH\Views\pages\form_edit.php(8): CodeIgniter\Debug\Exceptions->errorHandler(2, 'Undefined variable $data_buku', 'APPPATH\\Views\\pages\\form_edit.php', 8)
 2 SYSTEMPATH\View\View.php(213): include('APPPATH\\Views\\pages\\form_edit.php')
 3 SYSTEMPATH\View\View.php(216): CodeIgniter\View\View->CodeIgniter\View\{closure}()
 4 SYSTEMPATH\Common.php(1137): CodeIgniter\View\View->render('pages/form_edit', [], true)
 5 APPPATH\Controllers\Pages.php(149): view('pages/form_edit', [...])
 6 SYSTEMPATH\CodeIgniter.php(904): App\Controllers\Pages->update()
 7 SYSTEMPATH\CodeIgniter.php(457): CodeIgniter\CodeIgniter->runController(Object(App\Controllers\Pages))
 8 SYSTEMPATH\CodeIgniter.php(340): CodeIgniter\CodeIgniter->handleRequest(null, Object(Config\Cache), false)
 9 FCPATH\index.php(67): CodeIgniter\CodeIgniter->run()
10 SYSTEMPATH\Commands\Server\rewrite.php(43): require_once('FCPATH\\index.php')
CRITICAL - 2022-08-21 19:46:11 --> Too few arguments to function App\Controllers\Pages::edit(), 0 passed in C:\xampp\htdocs\learnCi4\vendor\codeigniter4\framework\system\CodeIgniter.php on line 904 and exactly 1 expected
in APPPATH\Controllers\Pages.php on line 105.
 1 SYSTEMPATH\CodeIgniter.php(904): App\Controllers\Pages->edit()
 2 SYSTEMPATH\CodeIgniter.php(457): CodeIgniter\CodeIgniter->runController(Object(App\Controllers\Pages))
 3 SYSTEMPATH\CodeIgniter.php(340): CodeIgniter\CodeIgniter->handleRequest(null, Object(Config\Cache), false)
 4 FCPATH\index.php(67): CodeIgniter\CodeIgniter->run()
 5 SYSTEMPATH\Commands\Server\rewrite.php(43): require_once('FCPATH\\index.php')
CRITICAL - 2022-08-21 19:47:11 --> Too few arguments to function App\Controllers\Pages::detail_buku(), 0 passed in C:\xampp\htdocs\learnCi4\vendor\codeigniter4\framework\system\CodeIgniter.php on line 904 and exactly 1 expected
in APPPATH\Controllers\Pages.php on line 43.
 1 SYSTEMPATH\CodeIgniter.php(904): App\Controllers\Pages->detail_buku()
 2 SYSTEMPATH\CodeIgniter.php(457): CodeIgniter\CodeIgniter->runController(Object(App\Controllers\Pages))
 3 SYSTEMPATH\CodeIgniter.php(340): CodeIgniter\CodeIgniter->handleRequest(null, Object(Config\Cache), false)
 4 FCPATH\index.php(67): CodeIgniter\CodeIgniter->run()
 5 SYSTEMPATH\Commands\Server\rewrite.php(43): require_once('FCPATH\\index.php')
CRITICAL - 2022-08-21 19:49:27 --> Undefined array key 0
in APPPATH\Views\pages\detail_buku.php on line 10.
 1 APPPATH\Views\pages\detail_buku.php(10): CodeIgniter\Debug\Exceptions->errorHandler(2, 'Undefined array key 0', 'APPPATH\\Views\\pages\\detail_buku.php', 10)
 2 SYSTEMPATH\View\View.php(213): include('APPPATH\\Views\\pages\\detail_buku.php')
 3 SYSTEMPATH\View\View.php(216): CodeIgniter\View\View->CodeIgniter\View\{closure}()
 4 SYSTEMPATH\Common.php(1137): CodeIgniter\View\View->render('pages/detail_buku', [], true)
 5 APPPATH\Controllers\Pages.php(50): view('pages/detail_buku', [...])
 6 SYSTEMPATH\CodeIgniter.php(904): App\Controllers\Pages->detail_buku('edit', 'test_123')
 7 SYSTEMPATH\CodeIgniter.php(457): CodeIgniter\CodeIgniter->runController(Object(App\Controllers\Pages))
 8 SYSTEMPATH\CodeIgniter.php(340): CodeIgniter\CodeIgniter->handleRequest(null, Object(Config\Cache), false)
 9 FCPATH\index.php(67): CodeIgniter\CodeIgniter->run()
10 SYSTEMPATH\Commands\Server\rewrite.php(43): require_once('FCPATH\\index.php')
CRITICAL - 2022-08-21 19:49:27 --> Undefined array key 0
in APPPATH\Views\pages\detail_buku.php on line 10.
 1 APPPATH\Views\pages\detail_buku.php(10): CodeIgniter\Debug\Exceptions->errorHandler(2, 'Undefined array key 0', 'APPPATH\\Views\\pages\\detail_buku.php', 10)
 2 SYSTEMPATH\View\View.php(213): include('APPPATH\\Views\\pages\\detail_buku.php')
 3 SYSTEMPATH\View\View.php(216): CodeIgniter\View\View->CodeIgniter\View\{closure}()
 4 SYSTEMPATH\Common.php(1137): CodeIgniter\View\View->render('pages/detail_buku', [], true)
 5 APPPATH\Controllers\Pages.php(50): view('pages/detail_buku', [...])
 6 SYSTEMPATH\CodeIgniter.php(904): App\Controllers\Pages->detail_buku('detail_buku', 'test_123')
 7 SYSTEMPATH\CodeIgniter.php(457): CodeIgniter\CodeIgniter->runController(Object(App\Controllers\Pages))
 8 SYSTEMPATH\CodeIgniter.php(340): CodeIgniter\CodeIgniter->handleRequest(null, Object(Config\Cache), false)
 9 FCPATH\index.php(67): CodeIgniter\CodeIgniter->run()
10 SYSTEMPATH\Commands\Server\rewrite.php(43): require_once('FCPATH\\index.php')
CRITICAL - 2022-08-21 19:49:28 --> Undefined array key 0
in APPPATH\Views\pages\detail_buku.php on line 10.
 1 APPPATH\Views\pages\detail_buku.php(10): CodeIgniter\Debug\Exceptions->errorHandler(2, 'Undefined array key 0', 'APPPATH\\Views\\pages\\detail_buku.php', 10)
 2 SYSTEMPATH\View\View.php(213): include('APPPATH\\Views\\pages\\detail_buku.php')
 3 SYSTEMPATH\View\View.php(216): CodeIgniter\View\View->CodeIgniter\View\{closure}()
 4 SYSTEMPATH\Common.php(1137): CodeIgniter\View\View->render('pages/detail_buku', [], true)
 5 APPPATH\Controllers\Pages.php(50): view('pages/detail_buku', [...])
 6 SYSTEMPATH\CodeIgniter.php(904): App\Controllers\Pages->detail_buku('list_buku')
 7 SYSTEMPATH\CodeIgniter.php(457): CodeIgniter\CodeIgniter->runController(Object(App\Controllers\Pages))
 8 SYSTEMPATH\CodeIgniter.php(340): CodeIgniter\CodeIgniter->handleRequest(null, Object(Config\Cache), false)
 9 FCPATH\index.php(67): CodeIgniter\CodeIgniter->run()
10 SYSTEMPATH\Commands\Server\rewrite.php(43): require_once('FCPATH\\index.php')
CRITICAL - 2022-08-21 19:49:29 --> Undefined array key 0
in APPPATH\Views\pages\detail_buku.php on line 10.
 1 APPPATH\Views\pages\detail_buku.php(10): CodeIgniter\Debug\Exceptions->errorHandler(2, 'Undefined array key 0', 'APPPATH\\Views\\pages\\detail_buku.php', 10)
 2 SYSTEMPATH\View\View.php(213): include('APPPATH\\Views\\pages\\detail_buku.php')
 3 SYSTEMPATH\View\View.php(216): CodeIgniter\View\View->CodeIgniter\View\{closure}()
 4 SYSTEMPATH\Common.php(1137): CodeIgniter\View\View->render('pages/detail_buku', [], true)
 5 APPPATH\Controllers\Pages.php(50): view('pages/detail_buku', [...])
 6 SYSTEMPATH\CodeIgniter.php(904): App\Controllers\Pages->detail_buku('edit', 'test_123')
 7 SYSTEMPATH\CodeIgniter.php(457): CodeIgniter\CodeIgniter->runController(Object(App\Controllers\Pages))
 8 SYSTEMPATH\CodeIgniter.php(340): CodeIgniter\CodeIgniter->handleRequest(null, Object(Config\Cache), false)
 9 FCPATH\index.php(67): CodeIgniter\CodeIgniter->run()
10 SYSTEMPATH\Commands\Server\rewrite.php(43): require_once('FCPATH\\index.php')
CRITICAL - 2022-08-21 19:49:30 --> Undefined array key 0
in APPPATH\Views\pages\detail_buku.php on line 10.
 1 APPPATH\Views\pages\detail_buku.php(10): CodeIgniter\Debug\Exceptions->errorHandler(2, 'Undefined array key 0', 'APPPATH\\Views\\pages\\detail_buku.php', 10)
 2 SYSTEMPATH\View\View.php(213): include('APPPATH\\Views\\pages\\detail_buku.php')
 3 SYSTEMPATH\View\View.php(216): CodeIgniter\View\View->CodeIgniter\View\{closure}()
 4 SYSTEMPATH\Common.php(1137): CodeIgniter\View\View->render('pages/detail_buku', [], true)
 5 APPPATH\Controllers\Pages.php(50): view('pages/detail_buku', [...])
 6 SYSTEMPATH\CodeIgniter.php(904): App\Controllers\Pages->detail_buku('detail_buku', 'test_123')
 7 SYSTEMPATH\CodeIgniter.php(457): CodeIgniter\CodeIgniter->runController(Object(App\Controllers\Pages))
 8 SYSTEMPATH\CodeIgniter.php(340): CodeIgniter\CodeIgniter->handleRequest(null, Object(Config\Cache), false)
 9 FCPATH\index.php(67): CodeIgniter\CodeIgniter->run()
10 SYSTEMPATH\Commands\Server\rewrite.php(43): require_once('FCPATH\\index.php')
CRITICAL - 2022-08-21 19:49:31 --> Undefined array key 0
in APPPATH\Views\pages\detail_buku.php on line 10.
 1 APPPATH\Views\pages\detail_buku.php(10): CodeIgniter\Debug\Exceptions->errorHandler(2, 'Undefined array key 0', 'APPPATH\\Views\\pages\\detail_buku.php', 10)
 2 SYSTEMPATH\View\View.php(213): include('APPPATH\\Views\\pages\\detail_buku.php')
 3 SYSTEMPATH\View\View.php(216): CodeIgniter\View\View->CodeIgniter\View\{closure}()
 4 SYSTEMPATH\Common.php(1137): CodeIgniter\View\View->render('pages/detail_buku', [], true)
 5 APPPATH\Controllers\Pages.php(50): view('pages/detail_buku', [...])
 6 SYSTEMPATH\CodeIgniter.php(904): App\Controllers\Pages->detail_buku('list_buku')
 7 SYSTEMPATH\CodeIgniter.php(457): CodeIgniter\CodeIgniter->runController(Object(App\Controllers\Pages))
 8 SYSTEMPATH\CodeIgniter.php(340): CodeIgniter\CodeIgniter->handleRequest(null, Object(Config\Cache), false)
 9 FCPATH\index.php(67): CodeIgniter\CodeIgniter->run()
10 SYSTEMPATH\Commands\Server\rewrite.php(43): require_once('FCPATH\\index.php')
CRITICAL - 2022-08-21 19:49:39 --> Undefined array key 0
in APPPATH\Views\pages\detail_buku.php on line 10.
 1 APPPATH\Views\pages\detail_buku.php(10): CodeIgniter\Debug\Exceptions->errorHandler(2, 'Undefined array key 0', 'APPPATH\\Views\\pages\\detail_buku.php', 10)
 2 SYSTEMPATH\View\View.php(213): include('APPPATH\\Views\\pages\\detail_buku.php')
 3 SYSTEMPATH\View\View.php(216): CodeIgniter\View\View->CodeIgniter\View\{closure}()
 4 SYSTEMPATH\Common.php(1137): CodeIgniter\View\View->render('pages/detail_buku', [], true)
 5 APPPATH\Controllers\Pages.php(50): view('pages/detail_buku', [...])
 6 SYSTEMPATH\CodeIgniter.php(904): App\Controllers\Pages->detail_buku('list_buku')
 7 SYSTEMPATH\CodeIgniter.php(457): CodeIgniter\CodeIgniter->runController(Object(App\Controllers\Pages))
 8 SYSTEMPATH\CodeIgniter.php(340): CodeIgniter\CodeIgniter->handleRequest(null, Object(Config\Cache), false)
 9 FCPATH\index.php(67): CodeIgniter\CodeIgniter->run()
10 SYSTEMPATH\Commands\Server\rewrite.php(43): require_once('FCPATH\\index.php')
CRITICAL - 2022-08-21 19:50:47 --> Undefined array key 0
in APPPATH\Views\pages\detail_buku.php on line 10.
 1 APPPATH\Views\pages\detail_buku.php(10): CodeIgniter\Debug\Exceptions->errorHandler(2, 'Undefined array key 0', 'APPPATH\\Views\\pages\\detail_buku.php', 10)
 2 SYSTEMPATH\View\View.php(213): include('APPPATH\\Views\\pages\\detail_buku.php')
 3 SYSTEMPATH\View\View.php(216): CodeIgniter\View\View->CodeIgniter\View\{closure}()
 4 SYSTEMPATH\Common.php(1137): CodeIgniter\View\View->render('pages/detail_buku', [], true)
 5 APPPATH\Controllers\Pages.php(50): view('pages/detail_buku', [...])
 6 SYSTEMPATH\CodeIgniter.php(904): App\Controllers\Pages->detail_buku('list_buku')
 7 SYSTEMPATH\CodeIgniter.php(457): CodeIgniter\CodeIgniter->runController(Object(App\Controllers\Pages))
 8 SYSTEMPATH\CodeIgniter.php(340): CodeIgniter\CodeIgniter->handleRequest(null, Object(Config\Cache), false)
 9 FCPATH\index.php(67): CodeIgniter\CodeIgniter->run()
10 SYSTEMPATH\Commands\Server\rewrite.php(43): require_once('FCPATH\\index.php')
CRITICAL - 2022-08-21 19:52:26 --> Undefined array key 0
in APPPATH\Views\pages\detail_buku.php on line 10.
 1 APPPATH\Views\pages\detail_buku.php(10): CodeIgniter\Debug\Exceptions->errorHandler(2, 'Undefined array key 0', 'APPPATH\\Views\\pages\\detail_buku.php', 10)
 2 SYSTEMPATH\View\View.php(213): include('APPPATH\\Views\\pages\\detail_buku.php')
 3 SYSTEMPATH\View\View.php(216): CodeIgniter\View\View->CodeIgniter\View\{closure}()
 4 SYSTEMPATH\Common.php(1137): CodeIgniter\View\View->render('pages/detail_buku', [], true)
 5 APPPATH\Controllers\Pages.php(50): view('pages/detail_buku', [...])
 6 SYSTEMPATH\CodeIgniter.php(904): App\Controllers\Pages->detail_buku('edit', 'test_123')
 7 SYSTEMPATH\CodeIgniter.php(457): CodeIgniter\CodeIgniter->runController(Object(App\Controllers\Pages))
 8 SYSTEMPATH\CodeIgniter.php(340): CodeIgniter\CodeIgniter->handleRequest(null, Object(Config\Cache), false)
 9 FCPATH\index.php(67): CodeIgniter\CodeIgniter->run()
10 SYSTEMPATH\Commands\Server\rewrite.php(43): require_once('FCPATH\\index.php')
CRITICAL - 2022-08-21 20:03:48 --> Undefined array key 0
in APPPATH\Views\pages\detail_buku.php on line 10.
 1 APPPATH\Views\pages\detail_buku.php(10): CodeIgniter\Debug\Exceptions->errorHandler(2, 'Undefined array key 0', 'APPPATH\\Views\\pages\\detail_buku.php', 10)
 2 SYSTEMPATH\View\View.php(213): include('APPPATH\\Views\\pages\\detail_buku.php')
 3 SYSTEMPATH\View\View.php(216): CodeIgniter\View\View->CodeIgniter\View\{closure}()
 4 SYSTEMPATH\Common.php(1137): CodeIgniter\View\View->render('pages/detail_buku', [], true)
 5 APPPATH\Controllers\Pages.php(50): view('pages/detail_buku', [...])
 6 SYSTEMPATH\CodeIgniter.php(904): App\Controllers\Pages->detail_buku('edit', 'test_123')
 7 SYSTEMPATH\CodeIgniter.php(457): CodeIgniter\CodeIgniter->runController(Object(App\Controllers\Pages))
 8 SYSTEMPATH\CodeIgniter.php(340): CodeIgniter\CodeIgniter->handleRequest(null, Object(Config\Cache), false)
 9 FCPATH\index.php(67): CodeIgniter\CodeIgniter->run()
10 SYSTEMPATH\Commands\Server\rewrite.php(43): require_once('FCPATH\\index.php')
CRITICAL - 2022-08-21 20:05:54 --> Undefined array key 0
in APPPATH\Views\pages\detail_buku.php on line 10.
 1 APPPATH\Views\pages\detail_buku.php(10): CodeIgniter\Debug\Exceptions->errorHandler(2, 'Undefined array key 0', 'APPPATH\\Views\\pages\\detail_buku.php', 10)
 2 SYSTEMPATH\View\View.php(213): include('APPPATH\\Views\\pages\\detail_buku.php')
 3 SYSTEMPATH\View\View.php(216): CodeIgniter\View\View->CodeIgniter\View\{closure}()
 4 SYSTEMPATH\Common.php(1137): CodeIgniter\View\View->render('pages/detail_buku', [], true)
 5 APPPATH\Controllers\Pages.php(50): view('pages/detail_buku', [...])
 6 SYSTEMPATH\CodeIgniter.php(904): App\Controllers\Pages->detail_buku('edit', 'test_123')
 7 SYSTEMPATH\CodeIgniter.php(457): CodeIgniter\CodeIgniter->runController(Object(App\Controllers\Pages))
 8 SYSTEMPATH\CodeIgniter.php(340): CodeIgniter\CodeIgniter->handleRequest(null, Object(Config\Cache), false)
 9 FCPATH\index.php(67): CodeIgniter\CodeIgniter->run()
10 SYSTEMPATH\Commands\Server\rewrite.php(43): require_once('FCPATH\\index.php')
CRITICAL - 2022-08-21 20:07:23 --> Undefined array key 0
in APPPATH\Views\pages\detail_buku.php on line 10.
 1 APPPATH\Views\pages\detail_buku.php(10): CodeIgniter\Debug\Exceptions->errorHandler(2, 'Undefined array key 0', 'APPPATH\\Views\\pages\\detail_buku.php', 10)
 2 SYSTEMPATH\View\View.php(213): include('APPPATH\\Views\\pages\\detail_buku.php')
 3 SYSTEMPATH\View\View.php(216): CodeIgniter\View\View->CodeIgniter\View\{closure}()
 4 SYSTEMPATH\Common.php(1137): CodeIgniter\View\View->render('pages/detail_buku', [], true)
 5 APPPATH\Controllers\Pages.php(50): view('pages/detail_buku', [...])
 6 SYSTEMPATH\CodeIgniter.php(904): App\Controllers\Pages->detail_buku('edit')
 7 SYSTEMPATH\CodeIgniter.php(457): CodeIgniter\CodeIgniter->runController(Object(App\Controllers\Pages))
 8 SYSTEMPATH\CodeIgniter.php(340): CodeIgniter\CodeIgniter->handleRequest(null, Object(Config\Cache), false)
 9 FCPATH\index.php(67): CodeIgniter\CodeIgniter->run()
10 SYSTEMPATH\Commands\Server\rewrite.php(43): require_once('FCPATH\\index.php')
CRITICAL - 2022-08-21 20:09:49 --> Too few arguments to function App\Controllers\Pages::edit(), 0 passed in C:\xampp\htdocs\learnCi4\vendor\codeigniter4\framework\system\CodeIgniter.php on line 904 and exactly 1 expected
in APPPATH\Controllers\Pages.php on line 104.
 1 SYSTEMPATH\CodeIgniter.php(904): App\Controllers\Pages->edit()
 2 SYSTEMPATH\CodeIgniter.php(457): CodeIgniter\CodeIgniter->runController(Object(App\Controllers\Pages))
 3 SYSTEMPATH\CodeIgniter.php(340): CodeIgniter\CodeIgniter->handleRequest(null, Object(Config\Cache), false)
 4 FCPATH\index.php(67): CodeIgniter\CodeIgniter->run()
 5 SYSTEMPATH\Commands\Server\rewrite.php(43): require_once('FCPATH\\index.php')
CRITICAL - 2022-08-21 20:11:06 --> Too few arguments to function App\Controllers\Pages::edit(), 0 passed in C:\xampp\htdocs\learnCi4\vendor\codeigniter4\framework\system\CodeIgniter.php on line 904 and exactly 1 expected
in APPPATH\Controllers\Pages.php on line 104.
 1 SYSTEMPATH\CodeIgniter.php(904): App\Controllers\Pages->edit()
 2 SYSTEMPATH\CodeIgniter.php(457): CodeIgniter\CodeIgniter->runController(Object(App\Controllers\Pages))
 3 SYSTEMPATH\CodeIgniter.php(340): CodeIgniter\CodeIgniter->handleRequest(null, Object(Config\Cache), false)
 4 FCPATH\index.php(67): CodeIgniter\CodeIgniter->run()
 5 SYSTEMPATH\Commands\Server\rewrite.php(43): require_once('FCPATH\\index.php')
CRITICAL - 2022-08-21 21:18:39 --> Undefined array key 0
in APPPATH\Views\pages\form_edit.php on line 8.
 1 APPPATH\Views\pages\form_edit.php(8): CodeIgniter\Debug\Exceptions->errorHandler(2, 'Undefined array key 0', 'APPPATH\\Views\\pages\\form_edit.php', 8)
 2 SYSTEMPATH\View\View.php(213): include('APPPATH\\Views\\pages\\form_edit.php')
 3 SYSTEMPATH\View\View.php(216): CodeIgniter\View\View->CodeIgniter\View\{closure}()
 4 SYSTEMPATH\Common.php(1137): CodeIgniter\View\View->render('pages/form_edit', [], true)
 5 APPPATH\Controllers\Pages.php(111): view('pages/form_edit', [...])
 6 SYSTEMPATH\CodeIgniter.php(904): App\Controllers\Pages->edit()
 7 SYSTEMPATH\CodeIgniter.php(457): CodeIgniter\CodeIgniter->runController(Object(App\Controllers\Pages))
 8 SYSTEMPATH\CodeIgniter.php(340): CodeIgniter\CodeIgniter->handleRequest(null, Object(Config\Cache), false)
 9 FCPATH\index.php(67): CodeIgniter\CodeIgniter->run()
10 SYSTEMPATH\Commands\Server\rewrite.php(43): require_once('FCPATH\\index.php')
CRITICAL - 2022-08-21 21:30:53 --> Uninitialized string offset 0
in APPPATH\Views\pages\form_edit.php on line 8.
 1 APPPATH\Views\pages\form_edit.php(8): CodeIgniter\Debug\Exceptions->errorHandler(2, 'Uninitialized string offset 0', 'APPPATH\\Views\\pages\\form_edit.php', 8)
 2 SYSTEMPATH\View\View.php(213): include('APPPATH\\Views\\pages\\form_edit.php')
 3 SYSTEMPATH\View\View.php(216): CodeIgniter\View\View->CodeIgniter\View\{closure}()
 4 SYSTEMPATH\Common.php(1137): CodeIgniter\View\View->render('pages/form_edit', [], true)
 5 APPPATH\Controllers\Pages.php(121): view('pages/form_edit', [...])
 6 SYSTEMPATH\CodeIgniter.php(904): App\Controllers\Pages->re_edit()
 7 SYSTEMPATH\CodeIgniter.php(457): CodeIgniter\CodeIgniter->runController(Object(App\Controllers\Pages))
 8 SYSTEMPATH\CodeIgniter.php(340): CodeIgniter\CodeIgniter->handleRequest(null, Object(Config\Cache), false)
 9 FCPATH\index.php(67): CodeIgniter\CodeIgniter->run()
10 SYSTEMPATH\Commands\Server\rewrite.php(43): require_once('FCPATH\\index.php')
CRITICAL - 2022-08-21 21:34:37 --> Uninitialized string offset 0
in APPPATH\Views\pages\form_edit.php on line 15.
 1 APPPATH\Views\pages\form_edit.php(15): CodeIgniter\Debug\Exceptions->errorHandler(2, 'Uninitialized string offset 0', 'APPPATH\\Views\\pages\\form_edit.php', 15)
 2 SYSTEMPATH\View\View.php(213): include('APPPATH\\Views\\pages\\form_edit.php')
 3 SYSTEMPATH\View\View.php(216): CodeIgniter\View\View->CodeIgniter\View\{closure}()
 4 SYSTEMPATH\Common.php(1137): CodeIgniter\View\View->render('pages/form_edit', [], true)
 5 APPPATH\Controllers\Pages.php(122): view('pages/form_edit', [...])
 6 SYSTEMPATH\CodeIgniter.php(904): App\Controllers\Pages->re_edit()
 7 SYSTEMPATH\CodeIgniter.php(457): CodeIgniter\CodeIgniter->runController(Object(App\Controllers\Pages))
 8 SYSTEMPATH\CodeIgniter.php(340): CodeIgniter\CodeIgniter->handleRequest(null, Object(Config\Cache), false)
 9 FCPATH\index.php(67): CodeIgniter\CodeIgniter->run()
10 SYSTEMPATH\Commands\Server\rewrite.php(43): require_once('FCPATH\\index.php')
